<?xml version="1.0" encoding="UTF-8"?>
<!-- Generated by org.testng.reporters.JUnitXMLReporter -->
<testsuite hostname="Abhishek" ignored="0" name="HubSpot Login user success scenario usng chrome browser" tests="3" failures="0" timestamp="02 May 2020 16:32:18 GMT" time="45.932" errors="0">
  <testcase name="@BeforeMethod testSetup" time="1.146" classname="com.appTests.baseTest">
    <failure type="io.github.bonigarcia.wdm.WebDriverManagerException" message="io.github.bonigarcia.wdm.WebDriverManagerException: MicrosoftWebDriver.exe should be pre-installed in an elevated command prompt executing: dism /Online /Add-Capability /CapabilityName:Microsoft.WebDriver~~~~0.0.1.0">
      <![CDATA[io.github.bonigarcia.wdm.WebDriverManagerException: io.github.bonigarcia.wdm.WebDriverManagerException: MicrosoftWebDriver.exe should be pre-installed in an elevated command prompt executing: dism /Online /Add-Capability /CapabilityName:Microsoft.WebDriver~~~~0.0.1.0
	at io.github.bonigarcia.wdm.WebDriverManager.handleException(WebDriverManager.java:776)
	at io.github.bonigarcia.wdm.WebDriverManager.manage(WebDriverManager.java:550)
	at io.github.bonigarcia.wdm.WebDriverManager.setup(WebDriverManager.java:260)
	at com.appTests.baseTest.testSetup(baseTest.java:50)
	at sun.reflect.NativeMethodAccessorImpl.invoke0(Native Method)
	at sun.reflect.NativeMethodAccessorImpl.invoke(Unknown Source)
	at sun.reflect.DelegatingMethodAccessorImpl.invoke(Unknown Source)
	at java.lang.reflect.Method.invoke(Unknown Source)
	at org.testng.internal.MethodInvocationHelper.invokeMethod(MethodInvocationHelper.java:108)
	at org.testng.internal.Invoker.invokeConfigurationMethod(Invoker.java:523)
	at org.testng.internal.Invoker.invokeConfigurations(Invoker.java:224)
	at org.testng.internal.Invoker.invokeMethod(Invoker.java:599)
	at org.testng.internal.Invoker.invokeTestMethod(Invoker.java:869)
	at org.testng.internal.Invoker.invokeTestMethods(Invoker.java:1193)
	at org.testng.internal.TestMethodWorker.invokeTestMethods(TestMethodWorker.java:126)
	at org.testng.internal.TestMethodWorker.run(TestMethodWorker.java:109)
	at java.util.concurrent.ThreadPoolExecutor.runWorker(Unknown Source)
	at java.util.concurrent.ThreadPoolExecutor$Worker.run(Unknown Source)
	at java.lang.Thread.run(Unknown Source)
Caused by: io.github.bonigarcia.wdm.WebDriverManagerException: MicrosoftWebDriver.exe should be pre-installed in an elevated command prompt executing: dism /Online /Add-Capability /CapabilityName:Microsoft.WebDriver~~~~0.0.1.0
	at io.github.bonigarcia.wdm.WebDriverManager.checkPreInstalledVersion(WebDriverManager.java:649)
	at io.github.bonigarcia.wdm.WebDriverManager.manage(WebDriverManager.java:531)
	... 17 more
]]>
    </failure>
  </testcase> <!-- @BeforeMethod testSetup -->
  <testcase name="@BeforeMethod testSetup" time="0.0" classname="com.appTests.baseTest">
    <skipped/>
  </testcase> <!-- @BeforeMethod testSetup -->
  <testcase name="@BeforeMethod testSetup" time="0.0" classname="com.appTests.baseTest">
    <skipped/>
  </testcase> <!-- @BeforeMethod testSetup -->
  <testcase name="verifyLoginPageTitle" time="0.02" classname="com.appTests.loginTest"/>
  <testcase name="verifyLoginPageHeaderCheck" time="1.081" classname="com.appTests.loginTest"/>
  <testcase name="verifyLoginSuccess" time="5.854" classname="com.appTests.loginTest"/>
</testsuite> <!-- HubSpot Login user success scenario usng chrome browser -->
